[debug] [2024-09-06T15:48:54.598Z] ----------------------------------------------------------------------
[debug] [2024-09-06T15:48:54.603Z] Command:       /Users/reorganism/.nvm/versions/node/v20.17.0/bin/node /usr/local/bin/firebase init hosting
[debug] [2024-09-06T15:48:54.603Z] CLI Version:   13.16.0
[debug] [2024-09-06T15:48:54.603Z] Platform:      darwin
[debug] [2024-09-06T15:48:54.603Z] Node Version:  v20.17.0
[debug] [2024-09-06T15:48:54.603Z] Time:          Fri Sep 06 2024 21:18:54 GMT+0530 (India Standard Time)
[debug] [2024-09-06T15:48:54.603Z] ----------------------------------------------------------------------
[debug] 
[debug] [2024-09-06T15:48:54.638Z] > command requires scopes: ["email","openid","https://www.googleapis.com/auth/cloudplatformprojects.readonly","https://www.googleapis.com/auth/firebase","https://www.googleapis.com/auth/cloud-platform"]
[debug] [2024-09-06T15:48:54.638Z] > authorizing via signed-in user (srikant.jyrmn@gmail.com)
[info] 
     ######## #### ########  ######## ########     ###     ######  ########
     ##        ##  ##     ## ##       ##     ##  ##   ##  ##       ##
     ######    ##  ########  ######   ########  #########  ######  ######
     ##        ##  ##    ##  ##       ##     ## ##     ##       ## ##
     ##       #### ##     ## ######## ########  ##     ##  ######  ########

You're about to initialize a Firebase project in this directory:

  /Users/reorganism/Documents/GitHub/new/reorganism

Before we get started, keep in mind:

  * You are initializing within an existing Firebase project directory

[info] 
=== Project Setup
[info] 
[info] First, let's associate this project directory with a Firebase project.
[info] You can create multiple project aliases by running firebase use --add, 
[info] but for now we'll just set up a default project.
[info] 
[debug] [2024-09-06T15:48:54.640Z] Using project from CLI flag: reorganism-in
[debug] [2024-09-06T15:48:54.642Z] >>> [apiv2][query] GET https://firebase.googleapis.com/v1beta1/projects/reorganism-in [none]
[debug] [2024-09-06T15:48:55.399Z] <<< [apiv2][status] GET https://firebase.googleapis.com/v1beta1/projects/reorganism-in 200
[debug] [2024-09-06T15:48:55.399Z] <<< [apiv2][body] GET https://firebase.googleapis.com/v1beta1/projects/reorganism-in {"projectId":"reorganism-in","projectNumber":"319224134881","displayName":"reorganism-in","name":"projects/reorganism-in","resources":{"hostingSite":"reorganism-in","realtimeDatabaseInstance":"reorganism-in-default-rtdb","storageBucket":"reorganism-in.appspot.com","locationId":"us-central"},"state":"ACTIVE","etag":"1_a2a2aa30-2d5d-444f-abdc-490f4925493a"}
[info] i  Using project reorganism-in (reorganism-in) 
[info] 
=== Hosting Setup
[debug] [2024-09-06T15:48:55.406Z] >>> [apiv2][query] GET https://firebase.googleapis.com/v1beta1/projects/reorganism-in [none]
[debug] [2024-09-06T15:48:55.776Z] <<< [apiv2][status] GET https://firebase.googleapis.com/v1beta1/projects/reorganism-in 200
[debug] [2024-09-06T15:48:55.776Z] <<< [apiv2][body] GET https://firebase.googleapis.com/v1beta1/projects/reorganism-in {"projectId":"reorganism-in","projectNumber":"319224134881","displayName":"reorganism-in","name":"projects/reorganism-in","resources":{"hostingSite":"reorganism-in","realtimeDatabaseInstance":"reorganism-in-default-rtdb","storageBucket":"reorganism-in.appspot.com","locationId":"us-central"},"state":"ACTIVE","etag":"1_a2a2aa30-2d5d-444f-abdc-490f4925493a"}
[info] 
[info] Your public directory is the folder (relative to your project directory) that
[info] will contain Hosting assets to be uploaded with firebase deploy. If you
[info] have a build process for your assets, use your build's output directory.
[info] 
[debug] [2024-09-06T15:49:12.640Z] >>> [apiv2][query] GET https://www.gstatic.com/firebasejs/releases.json [none]
[debug] [2024-09-06T15:49:12.742Z] <<< [apiv2][status] GET https://www.gstatic.com/firebasejs/releases.json 200
[debug] [2024-09-06T15:49:12.742Z] <<< [apiv2][body] GET https://www.gstatic.com/firebasejs/releases.json {"current":{"version":"10.13.1","browserURL":"https://www.gstatic.com/firebasejs/10.13.1/firebase.js","packageURL":"https://www.gstatic.com/firebasejs/10.13.1/firebase.tgz"},"live":{"version":"10.13","browserURL":"https://www.gstatic.com/firebasejs/live/10.13/firebase.js","packageURL":"https://www.gstatic.com/firebasejs/live/10.13/firebase.tgz"},"components":{"analytics":"https://www.gstatic.com/firebasejs/10.13.1/firebase-analytics.js","app":"https://www.gstatic.com/firebasejs/10.13.1/firebase-app.js","app-check":"https://www.gstatic.com/firebasejs/10.13.1/firebase-app-check.js","auth":"https://www.gstatic.com/firebasejs/10.13.1/firebase-auth.js","auth/cordova":"https://www.gstatic.com/firebasejs/10.13.1/firebase-auth/cordova.js","auth/web-extension":"https://www.gstatic.com/firebasejs/10.13.1/firebase-auth/web-extension.js","functions":"https://www.gstatic.com/firebasejs/10.13.1/firebase-functions.js","firestore":"https://www.gstatic.com/firebasejs/10.13.1/firebase-firestore.js","firestore/lite":"https://www.gstatic.com/firebasejs/10.13.1/firebase-firestore/lite.js","installations":"https://www.gstatic.com/firebasejs/10.13.1/firebase-installations.js","storage":"https://www.gstatic.com/firebasejs/10.13.1/firebase-storage.js","performance":"https://www.gstatic.com/firebasejs/10.13.1/firebase-performance.js","remote-config":"https://www.gstatic.com/firebasejs/10.13.1/firebase-remote-config.js","messaging":"https://www.gstatic.com/firebasejs/10.13.1/firebase-messaging.js","messaging/sw":"https://www.gstatic.com/firebasejs/10.13.1/firebase-messaging/sw.js","database":"https://www.gstatic.com/firebasejs/10.13.1/firebase-database.js","vertexai-preview":"https://www.gstatic.com/firebasejs/10.13.1/firebase-vertexai-preview.js","firestore.memory":"https://www.gstatic.com/firebasejs/10.13.1/firebase-firestore.memory.js"}}
[info] i  Skipping write of public/index.html 
[info] 
[info] i  Detected a .git folder at /Users/reorganism/Documents/GitHub/new/reorganism 
[info] i  Authorizing with GitHub to upload your service account to a GitHub repository's secrets store. 
[info] 
[info] Visit this URL on this device to log in:
[info] https://github.com/login/oauth/authorize?client_id=89cf50f02ac6aaed3484&state=518777157&redirect_uri=http%3A%2F%2Flocalhost%3A9005&scope=read%3Auser%20repo%20public_repo
[info] 
[info] Waiting for authentication...
[debug] [2024-09-06T15:49:26.416Z] >>> [apiv2][query] POST https://github.com/login/oauth/access_token [none]
[debug] [2024-09-06T15:49:26.416Z] >>> [apiv2][body] POST https://github.com/login/oauth/access_token [stream]
[debug] [2024-09-06T15:49:26.830Z] <<< [apiv2][status] POST https://github.com/login/oauth/access_token 200
[debug] [2024-09-06T15:49:26.831Z] <<< [apiv2][body] POST https://github.com/login/oauth/access_token {"access_token":"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","token_type":"bearer","scope":"read:user,repo"}
[debug] [2024-09-06T15:49:26.839Z] >>> [apiv2][query] GET https://api.github.com/user [none]
[debug] [2024-09-06T15:49:27.207Z] <<< [apiv2][status] GET https://api.github.com/user 200
[debug] [2024-09-06T15:49:27.207Z] <<< [apiv2][body] GET https://api.github.com/user {"login":"srikantjyrmn","id":18740709,"node_id":"MDQ6VXNlcjE4NzQwNzA5","avatar_url":"https://avatars.githubusercontent.com/u/18740709?v=4","gravatar_id":"","url":"https://api.github.com/users/srikantjyrmn","html_url":"https://github.com/srikantjyrmn","followers_url":"https://api.github.com/users/srikantjyrmn/followers","following_url":"https://api.github.com/users/srikantjyrmn/following{/other_user}","gists_url":"https://api.github.com/users/srikantjyrmn/gists{/gist_id}","starred_url":"https://api.github.com/users/srikantjyrmn/starred{/owner}{/repo}","subscriptions_url":"https://api.github.com/users/srikantjyrmn/subscriptions","organizations_url":"https://api.github.com/users/srikantjyrmn/orgs","repos_url":"https://api.github.com/users/srikantjyrmn/repos","events_url":"https://api.github.com/users/srikantjyrmn/events{/privacy}","received_events_url":"https://api.github.com/users/srikantjyrmn/received_events","type":"User","site_admin":false,"name":"Srikant Jayaraman","company":null,"blog":"","location":null,"email":null,"hireable":true,"bio":null,"twitter_username":null,"notification_email":null,"public_repos":4,"public_gists":0,"followers":0,"following":1,"created_at":"2016-04-29T15:37:53Z","updated_at":"2024-07-08T19:23:15Z","private_gists":1,"total_private_repos":11,"owned_private_repos":11,"disk_usage":126128,"collaborators":2,"two_factor_authentication":false,"plan":{"name":"free","space":976562499,"collaborators":0,"private_repos":10000}}
[info] 
[info] ✔  Success! Logged into GitHub as srikantjyrmn 
[info] 
